<?xml version="1.0" encoding="UTF-8"?>
<!-- Generated by org.testng.reporters.JUnitXMLReporter -->
<testsuite ignored="2" hostname="LAPTOP-P7IQEAJU" failures="0" tests="15" name="Test" time="0.108" errors="0" timestamp="2025-02-10T16:07:57 IST">
  <testcase classname="Practice.Sample1" name="test1" time="0.008"/>
  <testcase classname="Practice.Sample1" name="test1" time="0.003"/>
  <testcase classname="Practice.Sample1" name="test1" time="0.001"/>
  <testcase classname="Practice.Sample1" name="test1" time="0.002"/>
  <testcase classname="Practice.Sample1" name="test1" time="0.001"/>
  <testcase classname="Practice.Sample1" name="test1" time="0.001"/>
  <testcase classname="Practice.Sample1" name="test1" time="0.001"/>
  <testcase classname="Practice.Sample1" name="test1" time="0.001"/>
  <testcase classname="Practice.Sample1" name="test1" time="0.0"/>
  <testcase classname="Practice.Sample1" name="test1" time="0.001"/>
  <testcase classname="Practice.Sample1" name="test2" time="0.001"/>
  <testcase classname="Practice.Sample2" name="test3" time="0.001"/>
  <testcase classname="Practice.Sample2" name="test3" time="0.0"/>
  <testcase classname="Practice.Sample2" name="test3" time="0.001"/>
  <testcase classname="Practice.Sample2" name="test4" time="0.001"/>
  <testcase classname="com.comcast.crm.baseclass.BaseClassUtility" name="@AfterSuite afterSuite" time="0.0">
    <ignored/>
  </testcase> <!-- @AfterSuite afterSuite -->
  <testcase classname="com.comcast.crm.baseclass.BaseClassUtility" name="@BeforeSuite beforeSuite" time="0.0">
    <ignored/>
  </testcase> <!-- @BeforeSuite beforeSuite -->
</testsuite> <!-- Test -->
