<?xml version="1.0" encoding="UTF-8"?>
<testng-results ignored="0" total="15" passed="15" failed="0" skipped="0">
  <reporter-output>
  </reporter-output>
  <suite started-at="2025-02-10T16:07:57 IST" name="Suite" finished-at="2025-02-10T16:07:57 IST" duration-ms="108">
    <groups>
    </groups>
    <test started-at="2025-02-10T16:07:57 IST" name="Test" finished-at="2025-02-10T16:07:57 IST" duration-ms="108">
      <class name="Practice.Sample1">
        <test-method is-config="true" signature="beforeSuite()[pri:0, instance:Practice.Sample1@7d20d0b]" started-at="2025-02-10T16:07:57 IST" name="beforeSuite" finished-at="2025-02-10T16:07:57 IST" duration-ms="9" status="PASS">
          <reporter-output>
          </reporter-output>
        </test-method> <!-- beforeSuite -->
        <test-method is-config="true" signature="beforeClass()[pri:0, instance:Practice.Sample1@7d20d0b]" started-at="2025-02-10T16:07:57 IST" name="beforeClass" finished-at="2025-02-10T16:07:57 IST" duration-ms="1" status="PASS">
          <reporter-output>
          </reporter-output>
        </test-method> <!-- beforeClass -->
        <test-method is-config="true" signature="beforeMethod()[pri:0, instance:Practice.Sample1@7d20d0b]" started-at="2025-02-10T16:07:57 IST" name="beforeMethod" finished-at="2025-02-10T16:07:57 IST" duration-ms="2" status="PASS">
          <reporter-output>
          </reporter-output>
        </test-method> <!-- beforeMethod -->
        <test-method signature="test1()[pri:0, instance:Practice.Sample1@7d20d0b]" started-at="2025-02-10T16:07:57 IST" name="test1" finished-at="2025-02-10T16:07:57 IST" duration-ms="8" status="PASS">
          <reporter-output>
          </reporter-output>
        </test-method> <!-- test1 -->
        <test-method is-config="true" signature="afterMethod()[pri:0, instance:Practice.Sample1@7d20d0b]" started-at="2025-02-10T16:07:57 IST" name="afterMethod" finished-at="2025-02-10T16:07:57 IST" duration-ms="0" status="PASS">
          <reporter-output>
          </reporter-output>
        </test-method> <!-- afterMethod -->
        <test-method is-config="true" signature="beforeMethod()[pri:0, instance:Practice.Sample1@7d20d0b]" started-at="2025-02-10T16:07:57 IST" name="beforeMethod" finished-at="2025-02-10T16:07:57 IST" duration-ms="0" status="PASS">
          <reporter-output>
          </reporter-output>
        </test-method> <!-- beforeMethod -->
        <test-method signature="test1()[pri:0, instance:Practice.Sample1@7d20d0b]" started-at="2025-02-10T16:07:57 IST" name="test1" finished-at="2025-02-10T16:07:57 IST" duration-ms="3" status="PASS">
          <reporter-output>
          </reporter-output>
        </test-method> <!-- test1 -->
        <test-method is-config="true" signature="afterMethod()[pri:0, instance:Practice.Sample1@7d20d0b]" started-at="2025-02-10T16:07:57 IST" name="afterMethod" finished-at="2025-02-10T16:07:57 IST" duration-ms="1" status="PASS">
          <reporter-output>
          </reporter-output>
        </test-method> <!-- afterMethod -->
        <test-method is-config="true" signature="beforeMethod()[pri:0, instance:Practice.Sample1@7d20d0b]" started-at="2025-02-10T16:07:57 IST" name="beforeMethod" finished-at="2025-02-10T16:07:57 IST" duration-ms="1" status="PASS">
          <reporter-output>
          </reporter-output>
        </test-method> <!-- beforeMethod -->
        <test-method signature="test1()[pri:0, instance:Practice.Sample1@7d20d0b]" started-at="2025-02-10T16:07:57 IST" name="test1" finished-at="2025-02-10T16:07:57 IST" duration-ms="1" status="PASS">
          <reporter-output>
          </reporter-output>
        </test-method> <!-- test1 -->
        <test-method is-config="true" signature="afterMethod()[pri:0, instance:Practice.Sample1@7d20d0b]" started-at="2025-02-10T16:07:57 IST" name="afterMethod" finished-at="2025-02-10T16:07:57 IST" duration-ms="1" status="PASS">
          <reporter-output>
          </reporter-output>
        </test-method> <!-- afterMethod -->
        <test-method is-config="true" signature="beforeMethod()[pri:0, instance:Practice.Sample1@7d20d0b]" started-at="2025-02-10T16:07:57 IST" name="beforeMethod" finished-at="2025-02-10T16:07:57 IST" duration-ms="1" status="PASS">
          <reporter-output>
          </reporter-output>
        </test-method> <!-- beforeMethod -->
        <test-method signature="test1()[pri:0, instance:Practice.Sample1@7d20d0b]" started-at="2025-02-10T16:07:57 IST" name="test1" finished-at="2025-02-10T16:07:57 IST" duration-ms="2" status="PASS">
          <reporter-output>
          </reporter-output>
        </test-method> <!-- test1 -->
        <test-method is-config="true" signature="afterMethod()[pri:0, instance:Practice.Sample1@7d20d0b]" started-at="2025-02-10T16:07:57 IST" name="afterMethod" finished-at="2025-02-10T16:07:57 IST" duration-ms="1" status="PASS">
          <reporter-output>
          </reporter-output>
        </test-method> <!-- afterMethod -->
        <test-method is-config="true" signature="beforeMethod()[pri:0, instance:Practice.Sample1@7d20d0b]" started-at="2025-02-10T16:07:57 IST" name="beforeMethod" finished-at="2025-02-10T16:07:57 IST" duration-ms="2" status="PASS">
          <reporter-output>
          </reporter-output>
        </test-method> <!-- beforeMethod -->
        <test-method signature="test1()[pri:0, instance:Practice.Sample1@7d20d0b]" started-at="2025-02-10T16:07:57 IST" name="test1" finished-at="2025-02-10T16:07:57 IST" duration-ms="1" status="PASS">
          <reporter-output>
          </reporter-output>
        </test-method> <!-- test1 -->
        <test-method is-config="true" signature="beforeMethod()[pri:0, instance:Practice.Sample1@7d20d0b]" started-at="2025-02-10T16:07:57 IST" name="beforeMethod" finished-at="2025-02-10T16:07:57 IST" duration-ms="1" status="PASS">
          <reporter-output>
          </reporter-output>
        </test-method> <!-- beforeMethod -->
        <test-method is-config="true" signature="afterMethod()[pri:0, instance:Practice.Sample1@7d20d0b]" started-at="2025-02-10T16:07:57 IST" name="afterMethod" finished-at="2025-02-10T16:07:57 IST" duration-ms="0" status="PASS">
          <reporter-output>
          </reporter-output>
        </test-method> <!-- afterMethod -->
        <test-method signature="test1()[pri:0, instance:Practice.Sample1@7d20d0b]" started-at="2025-02-10T16:07:57 IST" name="test1" finished-at="2025-02-10T16:07:57 IST" duration-ms="1" status="PASS">
          <reporter-output>
          </reporter-output>
        </test-method> <!-- test1 -->
        <test-method is-config="true" signature="afterMethod()[pri:0, instance:Practice.Sample1@7d20d0b]" started-at="2025-02-10T16:07:57 IST" name="afterMethod" finished-at="2025-02-10T16:07:57 IST" duration-ms="1" status="PASS">
          <reporter-output>
          </reporter-output>
        </test-method> <!-- afterMethod -->
        <test-method is-config="true" signature="beforeMethod()[pri:0, instance:Practice.Sample1@7d20d0b]" started-at="2025-02-10T16:07:57 IST" name="beforeMethod" finished-at="2025-02-10T16:07:57 IST" duration-ms="1" status="PASS">
          <reporter-output>
          </reporter-output>
        </test-method> <!-- beforeMethod -->
        <test-method signature="test1()[pri:0, instance:Practice.Sample1@7d20d0b]" started-at="2025-02-10T16:07:57 IST" name="test1" finished-at="2025-02-10T16:07:57 IST" duration-ms="1" status="PASS">
          <reporter-output>
          </reporter-output>
        </test-method> <!-- test1 -->
        <test-method is-config="true" signature="afterMethod()[pri:0, instance:Practice.Sample1@7d20d0b]" started-at="2025-02-10T16:07:57 IST" name="afterMethod" finished-at="2025-02-10T16:07:57 IST" duration-ms="1" status="PASS">
          <reporter-output>
          </reporter-output>
        </test-method> <!-- afterMethod -->
        <test-method signature="test1()[pri:0, instance:Practice.Sample1@7d20d0b]" started-at="2025-02-10T16:07:57 IST" name="test1" finished-at="2025-02-10T16:07:57 IST" duration-ms="1" status="PASS">
          <reporter-output>
          </reporter-output>
        </test-method> <!-- test1 -->
        <test-method is-config="true" signature="beforeMethod()[pri:0, instance:Practice.Sample1@7d20d0b]" started-at="2025-02-10T16:07:57 IST" name="beforeMethod" finished-at="2025-02-10T16:07:57 IST" duration-ms="0" status="PASS">
          <reporter-output>
          </reporter-output>
        </test-method> <!-- beforeMethod -->
        <test-method is-config="true" signature="beforeMethod()[pri:0, instance:Practice.Sample1@7d20d0b]" started-at="2025-02-10T16:07:57 IST" name="beforeMethod" finished-at="2025-02-10T16:07:57 IST" duration-ms="0" status="PASS">
          <reporter-output>
          </reporter-output>
        </test-method> <!-- beforeMethod -->
        <test-method is-config="true" signature="afterMethod()[pri:0, instance:Practice.Sample1@7d20d0b]" started-at="2025-02-10T16:07:57 IST" name="afterMethod" finished-at="2025-02-10T16:07:57 IST" duration-ms="0" status="PASS">
          <reporter-output>
          </reporter-output>
        </test-method> <!-- afterMethod -->
        <test-method signature="test1()[pri:0, instance:Practice.Sample1@7d20d0b]" started-at="2025-02-10T16:07:57 IST" name="test1" finished-at="2025-02-10T16:07:57 IST" duration-ms="0" status="PASS">
          <reporter-output>
          </reporter-output>
        </test-method> <!-- test1 -->
        <test-method is-config="true" signature="afterMethod()[pri:0, instance:Practice.Sample1@7d20d0b]" started-at="2025-02-10T16:07:57 IST" name="afterMethod" finished-at="2025-02-10T16:07:57 IST" duration-ms="1" status="PASS">
          <reporter-output>
          </reporter-output>
        </test-method> <!-- afterMethod -->
        <test-method is-config="true" signature="beforeMethod()[pri:0, instance:Practice.Sample1@7d20d0b]" started-at="2025-02-10T16:07:57 IST" name="beforeMethod" finished-at="2025-02-10T16:07:57 IST" duration-ms="1" status="PASS">
          <reporter-output>
          </reporter-output>
        </test-method> <!-- beforeMethod -->
        <test-method signature="test1()[pri:0, instance:Practice.Sample1@7d20d0b]" started-at="2025-02-10T16:07:57 IST" name="test1" finished-at="2025-02-10T16:07:57 IST" duration-ms="1" status="PASS">
          <reporter-output>
          </reporter-output>
        </test-method> <!-- test1 -->
        <test-method is-config="true" signature="afterMethod()[pri:0, instance:Practice.Sample1@7d20d0b]" started-at="2025-02-10T16:07:57 IST" name="afterMethod" finished-at="2025-02-10T16:07:57 IST" duration-ms="1" status="PASS">
          <reporter-output>
          </reporter-output>
        </test-method> <!-- afterMethod -->
        <test-method signature="test2()[pri:0, instance:Practice.Sample1@7d20d0b]" started-at="2025-02-10T16:07:57 IST" name="test2" finished-at="2025-02-10T16:07:57 IST" depends-on-methods="Practice.Sample1.test1" duration-ms="1" status="PASS">
          <reporter-output>
          </reporter-output>
        </test-method> <!-- test2 -->
        <test-method is-config="true" signature="beforeMethod()[pri:0, instance:Practice.Sample1@7d20d0b]" started-at="2025-02-10T16:07:57 IST" name="beforeMethod" finished-at="2025-02-10T16:07:57 IST" duration-ms="0" status="PASS">
          <reporter-output>
          </reporter-output>
        </test-method> <!-- beforeMethod -->
        <test-method is-config="true" signature="afterMethod()[pri:0, instance:Practice.Sample1@7d20d0b]" started-at="2025-02-10T16:07:57 IST" name="afterMethod" finished-at="2025-02-10T16:07:57 IST" duration-ms="0" status="PASS">
          <reporter-output>
          </reporter-output>
        </test-method> <!-- afterMethod -->
        <test-method is-config="true" signature="afterlass()[pri:0, instance:Practice.Sample1@7d20d0b]" started-at="2025-02-10T16:07:57 IST" name="afterlass" finished-at="2025-02-10T16:07:57 IST" duration-ms="0" status="PASS">
          <reporter-output>
          </reporter-output>
        </test-method> <!-- afterlass -->
        <test-method is-config="true" signature="afterSuite()[pri:0, instance:Practice.Sample1@7d20d0b]" started-at="2025-02-10T16:07:58 IST" name="afterSuite" finished-at="2025-02-10T16:07:58 IST" duration-ms="1" status="PASS">
          <reporter-output>
          </reporter-output>
        </test-method> <!-- afterSuite -->
      </class> <!-- Practice.Sample1 -->
      <class name="Practice.Sample2">
        <test-method is-config="true" signature="beforeClass()[pri:0, instance:Practice.Sample2@55b0dcab]" started-at="2025-02-10T16:07:57 IST" name="beforeClass" finished-at="2025-02-10T16:07:57 IST" duration-ms="0" status="PASS">
          <reporter-output>
          </reporter-output>
        </test-method> <!-- beforeClass -->
        <test-method signature="test3()[pri:0, instance:Practice.Sample2@55b0dcab]" started-at="2025-02-10T16:07:57 IST" name="test3" finished-at="2025-02-10T16:07:57 IST" duration-ms="1" status="PASS">
          <reporter-output>
          </reporter-output>
        </test-method> <!-- test3 -->
        <test-method is-config="true" signature="beforeMethod()[pri:0, instance:Practice.Sample2@55b0dcab]" started-at="2025-02-10T16:07:57 IST" name="beforeMethod" finished-at="2025-02-10T16:07:57 IST" duration-ms="0" status="PASS">
          <reporter-output>
          </reporter-output>
        </test-method> <!-- beforeMethod -->
        <test-method is-config="true" signature="afterMethod()[pri:0, instance:Practice.Sample2@55b0dcab]" started-at="2025-02-10T16:07:57 IST" name="afterMethod" finished-at="2025-02-10T16:07:57 IST" duration-ms="0" status="PASS">
          <reporter-output>
          </reporter-output>
        </test-method> <!-- afterMethod -->
        <test-method is-config="true" signature="beforeMethod()[pri:0, instance:Practice.Sample2@55b0dcab]" started-at="2025-02-10T16:07:57 IST" name="beforeMethod" finished-at="2025-02-10T16:07:57 IST" duration-ms="0" status="PASS">
          <reporter-output>
          </reporter-output>
        </test-method> <!-- beforeMethod -->
        <test-method signature="test3()[pri:0, instance:Practice.Sample2@55b0dcab]" started-at="2025-02-10T16:07:57 IST" name="test3" finished-at="2025-02-10T16:07:57 IST" duration-ms="0" status="PASS">
          <reporter-output>
          </reporter-output>
        </test-method> <!-- test3 -->
        <test-method signature="test3()[pri:0, instance:Practice.Sample2@55b0dcab]" started-at="2025-02-10T16:07:57 IST" name="test3" finished-at="2025-02-10T16:07:57 IST" duration-ms="1" status="PASS">
          <reporter-output>
          </reporter-output>
        </test-method> <!-- test3 -->
        <test-method is-config="true" signature="afterMethod()[pri:0, instance:Practice.Sample2@55b0dcab]" started-at="2025-02-10T16:07:57 IST" name="afterMethod" finished-at="2025-02-10T16:07:57 IST" duration-ms="0" status="PASS">
          <reporter-output>
          </reporter-output>
        </test-method> <!-- afterMethod -->
        <test-method is-config="true" signature="beforeMethod()[pri:0, instance:Practice.Sample2@55b0dcab]" started-at="2025-02-10T16:07:57 IST" name="beforeMethod" finished-at="2025-02-10T16:07:57 IST" duration-ms="0" status="PASS">
          <reporter-output>
          </reporter-output>
        </test-method> <!-- beforeMethod -->
        <test-method is-config="true" signature="afterMethod()[pri:0, instance:Practice.Sample2@55b0dcab]" started-at="2025-02-10T16:07:57 IST" name="afterMethod" finished-at="2025-02-10T16:07:57 IST" duration-ms="0" status="PASS">
          <reporter-output>
          </reporter-output>
        </test-method> <!-- afterMethod -->
        <test-method is-config="true" signature="beforeMethod()[pri:0, instance:Practice.Sample2@55b0dcab]" started-at="2025-02-10T16:07:57 IST" name="beforeMethod" finished-at="2025-02-10T16:07:57 IST" duration-ms="0" status="PASS">
          <reporter-output>
          </reporter-output>
        </test-method> <!-- beforeMethod -->
        <test-method signature="test4()[pri:0, instance:Practice.Sample2@55b0dcab]" started-at="2025-02-10T16:07:57 IST" name="test4" finished-at="2025-02-10T16:07:57 IST" depends-on-methods="Practice.Sample2.test3" duration-ms="1" status="PASS">
          <reporter-output>
          </reporter-output>
        </test-method> <!-- test4 -->
        <test-method is-config="true" signature="afterlass()[pri:0, instance:Practice.Sample2@55b0dcab]" started-at="2025-02-10T16:07:57 IST" name="afterlass" finished-at="2025-02-10T16:07:57 IST" duration-ms="1" status="PASS">
          <reporter-output>
          </reporter-output>
        </test-method> <!-- afterlass -->
        <test-method is-config="true" signature="afterMethod()[pri:0, instance:Practice.Sample2@55b0dcab]" started-at="2025-02-10T16:07:57 IST" name="afterMethod" finished-at="2025-02-10T16:07:57 IST" duration-ms="0" status="PASS">
          <reporter-output>
          </reporter-output>
        </test-method> <!-- afterMethod -->
      </class> <!-- Practice.Sample2 -->
    </test> <!-- Test -->
  </suite> <!-- Suite -->
</testng-results>
